[woss_client] -2016-11-14 17:15:22,518   -------skip 0
[woss_client] -2016-11-14 17:15:22,878   -------gather end
[woss_client] -2016-11-14 17:15:22,878   -------list size  43897
[woss_client] -2016-11-14 17:15:22,878   -------map size  502
[woss_client] -2016-11-14 17:19:35,816   -------skip 0
[woss_client] -2016-11-14 17:19:36,129   -------gather end
[woss_client] -2016-11-14 17:19:36,129   -------list size  43897
[woss_client] -2016-11-14 17:19:36,129   -------map size  502
[woss_client] -2016-11-14 17:20:19,469   -------skip 4100934
[woss_client] -2016-11-14 17:20:19,494   -------备份文件大小：502
[woss_client] -2016-11-14 17:20:19,495   -------gather end
[woss_client] -2016-11-14 17:20:19,495   -------list size  0
[woss_client] -2016-11-14 17:20:19,495   -------map size  502
[woss_client] -2016-11-14 17:20:48,240   -------skip 4100934
[woss_client] -2016-11-14 17:20:48,264   -------备份文件大小：502
[woss_client] -2016-11-14 17:20:48,265   -------gather end
[woss_client] -2016-11-14 17:20:48,265   -------list size  0
[woss_client] -2016-11-14 17:20:48,265   -------map size  502
[woss_client] -2016-11-14 17:20:48,286   -------send start
[woss_client] -2016-11-14 17:20:48,289   -------start outputstream
[woss_client] -2016-11-14 17:20:48,290   -------end outputstream
[woss_client] -2016-11-14 17:26:54,310   -------skip 4100934
[woss_client] -2016-11-14 17:26:54,334   -------备份文件大小：502
[woss_client] -2016-11-14 17:26:54,335   -------gather end
[woss_client] -2016-11-14 17:26:54,335   -------list size  0
[woss_client] -2016-11-14 17:26:54,335   -------map size  502
[woss_client] -2016-11-14 17:27:17,091   -------skip 0
[woss_client] -2016-11-14 17:27:17,409   -------gather end
[woss_client] -2016-11-14 17:27:17,409   -------list size  43897
[woss_client] -2016-11-14 17:27:17,409   -------map size  502
[woss_client] -2016-11-14 19:04:42,158   -------skip 4100934
[woss_client] -2016-11-14 19:04:42,184   -------备份文件大小：502
[woss_client] -2016-11-14 19:04:42,184   -------gather end
[woss_client] -2016-11-14 19:04:42,184   -------list size  0
[woss_client] -2016-11-14 19:04:42,184   -------map size  502
[woss_client] -2016-11-14 19:07:20,322   -------skip 4100934
[woss_client] -2016-11-14 19:07:20,352   -------备份文件大小：502
[woss_client] -2016-11-14 19:07:20,353   -------gather end
[woss_client] -2016-11-14 19:07:20,353   -------list size  0
[woss_client] -2016-11-14 19:07:20,353   -------map size  502
[woss_client] -2016-11-14 19:07:33,277   -------skip 4100934
[woss_client] -2016-11-14 19:07:33,305   -------备份文件大小：502
[woss_client] -2016-11-14 19:07:33,305   -------gather end
[woss_client] -2016-11-14 19:07:33,305   -------list size  0
[woss_client] -2016-11-14 19:07:33,305   -------map size  502
[woss_client] -2016-11-14 19:07:44,449   -------skip 4100934
[woss_client] -2016-11-14 19:07:44,477   -------备份文件大小：502
[woss_client] -2016-11-14 19:07:44,478   -------gather end
[woss_client] -2016-11-14 19:07:44,478   -------list size  0
[woss_client] -2016-11-14 19:07:44,478   -------map size  502
[woss_client] -2016-11-14 19:08:06,904   -------skip 0
[woss_client] -2016-11-14 19:08:07,226   -------gather end
[woss_client] -2016-11-14 19:08:07,226   -------list size  43897
[woss_client] -2016-11-14 19:08:07,226   -------map size  502
[woss_client] -2016-11-14 19:23:57,067   -------skip 0
[woss_client] -2016-11-14 19:23:57,382   -------gather end
[woss_client] -2016-11-14 19:23:57,383   -------list size  43897
[woss_client] -2016-11-14 19:23:57,383   -------map size  502
[woss_client] -2016-11-14 19:23:57,409   -------send start
[woss_client] -2016-11-14 19:23:57,412   -------start outputstream
[woss_client] -2016-11-14 19:23:59,038   -------end outputstream
[woss_client] -2016-11-14 19:24:56,222   -------skip 4100934
[woss_client] -2016-11-14 19:24:56,248   -------备份文件大小：502
[woss_client] -2016-11-14 19:24:56,249   -------gather end
[woss_client] -2016-11-14 19:24:56,249   -------list size  0
[woss_client] -2016-11-14 19:24:56,249   -------map size  502
[woss_client] -2016-11-14 19:24:56,269   -------send start
[woss_client] -2016-11-14 19:24:56,272   -------start outputstream
[woss_client] -2016-11-14 19:24:56,273   -------end outputstream
[woss_client] -2016-11-14 19:28:33,006   -------skip 4100934
[woss_client] -2016-11-14 19:28:33,104   -------备份文件大小：502
[woss_client] -2016-11-14 19:28:33,106   -------gather end
[woss_client] -2016-11-14 19:28:33,107   -------list size  0
[woss_client] -2016-11-14 19:28:33,107   -------map size  502
[woss_client] -2016-11-14 19:28:33,200   -------send start
[woss_client] -2016-11-14 19:28:33,212   -------start outputstream
[woss_client] -2016-11-14 19:28:33,213   -------end outputstream
[woss_client] -2016-11-14 19:28:46,517   -------skip 4100934
[woss_client] -2016-11-14 19:28:46,541   -------备份文件大小：502
[woss_client] -2016-11-14 19:28:46,542   -------gather end
[woss_client] -2016-11-14 19:28:46,542   -------list size  0
[woss_client] -2016-11-14 19:28:46,542   -------map size  502
[woss_client] -2016-11-14 19:28:46,561   -------send start
[woss_client] -2016-11-14 19:28:46,571   -------start outputstream
[woss_client] -2016-11-14 19:28:46,573   -------end outputstream
[woss_client] -2016-11-14 19:30:48,280   -------skip 0
[woss_client] -2016-11-14 19:30:48,619   -------gather end
[woss_client] -2016-11-14 19:30:48,619   -------list size  43897
[woss_client] -2016-11-14 19:30:48,619   -------map size  502
[woss_client] -2016-11-14 19:30:48,643   -------send start
[woss_client] -2016-11-14 19:30:48,646   -------start outputstream
[woss_client] -2016-11-14 19:30:50,215   -------end outputstream
[woss_client] -2016-11-14 19:33:06,288   -------skip 4100934
[woss_client] -2016-11-14 19:33:06,314   -------备份文件大小：502
[woss_client] -2016-11-14 19:33:06,314   -------gather end
[woss_client] -2016-11-14 19:33:06,315   -------list size  0
[woss_client] -2016-11-14 19:33:06,315   -------map size  502
[woss_client] -2016-11-14 19:33:06,339   -------send start
[woss_client] -2016-11-14 19:33:06,341   -------start outputstream
[woss_client] -2016-11-14 19:33:06,343   -------end outputstream
[woss_client] -2016-11-14 19:38:11,115   -------skip 4100934
[woss_client] -2016-11-14 19:38:11,141   -------备份文件大小：502
[woss_client] -2016-11-14 19:38:11,142   -------gather end
[woss_client] -2016-11-14 19:38:11,142   -------list size  0
[woss_client] -2016-11-14 19:38:11,142   -------map size  502
[woss_client] -2016-11-14 19:38:11,162   -------send start
[woss_client] -2016-11-14 19:38:11,164   -------start outputstream
[woss_client] -2016-11-14 19:38:11,165   -------end outputstream
[woss_client] -2016-11-14 20:21:55,339   -------skip 4100934
[woss_client] -2016-11-14 20:21:55,362   -------备份文件大小：502
[woss_client] -2016-11-14 20:21:55,363   -------gather end
[woss_client] -2016-11-14 20:21:55,363   -------list size  0
[woss_client] -2016-11-14 20:21:55,363   -------map size  502
[woss_client] -2016-11-14 20:21:55,382   -------send start
[woss_client] -2016-11-14 20:21:55,385   -------start outputstream
[woss_client] -2016-11-14 20:21:55,387   -------end outputstream
[woss_client] -2016-11-14 20:25:46,373   -------skip 4100934
[woss_client] -2016-11-14 20:25:46,400   -------备份文件大小：502
[woss_client] -2016-11-14 20:25:46,401   -------gather end
[woss_client] -2016-11-14 20:25:46,401   -------list size  0
[woss_client] -2016-11-14 20:25:46,401   -------map size  502
[woss_client] -2016-11-14 20:25:46,424   -------send start
[woss_client] -2016-11-14 20:25:46,427   -------start outputstream
[woss_client] -2016-11-14 20:25:46,428   -------end outputstream
[woss_client] -2016-11-14 20:26:53,188   -------skip 0
[woss_client] -2016-11-14 20:26:53,532   -------gather end
[woss_client] -2016-11-14 20:26:53,532   -------list size  43897
[woss_client] -2016-11-14 20:26:53,532   -------map size  502
[woss_client] -2016-11-14 20:26:53,557   -------send start
[woss_client] -2016-11-14 20:26:53,560   -------start outputstream
[woss_client] -2016-11-14 20:26:55,110   -------end outputstream
[woss_client] -2016-11-14 20:28:45,112   -------skip 0
[woss_client] -2016-11-14 20:28:45,436   -------gather end
[woss_client] -2016-11-14 20:28:45,436   -------list size  43897
[woss_client] -2016-11-14 20:28:45,436   -------map size  502
[woss_client] -2016-11-14 20:28:45,460   -------send start
[woss_client] -2016-11-14 20:28:45,462   -------start outputstream
[woss_client] -2016-11-14 20:28:47,069   -------end outputstream
[woss_client] -2016-11-14 21:31:20,074   -------skip 4100934
[woss_client] -2016-11-14 21:31:20,098   -------备份文件大小：502
[woss_client] -2016-11-14 21:31:20,098   -------gather end
[woss_client] -2016-11-14 21:31:20,098   -------list size  0
[woss_client] -2016-11-14 21:31:20,099   -------map size  502
[woss_client] -2016-11-14 21:31:20,118   -------send start
[woss_client] -2016-11-14 21:31:20,120   -------start outputstream
[woss_client] -2016-11-14 21:31:20,122   -------end outputstream
[woss_client] -2016-11-14 21:31:54,259   -------skip 0
[woss_client] -2016-11-14 21:31:54,575   -------gather end
[woss_client] -2016-11-14 21:31:54,575   -------list size  43897
[woss_client] -2016-11-14 21:31:54,575   -------map size  502
[woss_client] -2016-11-14 21:31:54,603   -------send start
[woss_client] -2016-11-14 21:31:54,606   -------start outputstream
[woss_client] -2016-11-14 21:31:56,090   -------end outputstream
[woss_client] -2016-11-14 22:11:35,878   -------skip 4100934
[woss_client] -2016-11-14 22:11:35,906   -------备份文件大小：502
[woss_client] -2016-11-14 22:11:35,907   -------gather end
[woss_client] -2016-11-14 22:11:35,907   -------list size  0
[woss_client] -2016-11-14 22:11:35,907   -------map size  502
[woss_client] -2016-11-14 22:11:35,929   -------send start
[woss_client] -2016-11-14 22:11:35,932   -------start outputstream
[woss_client] -2016-11-14 22:11:35,934   -------end outputstream
[woss_client] -2016-11-14 22:11:47,228   -------skip 4100934
[woss_client] -2016-11-14 22:11:47,251   -------备份文件大小：502
[woss_client] -2016-11-14 22:11:47,252   -------gather end
[woss_client] -2016-11-14 22:11:47,252   -------list size  0
[woss_client] -2016-11-14 22:11:47,252   -------map size  502
[woss_client] -2016-11-14 22:11:47,268   -------send start
[woss_client] -2016-11-14 22:11:47,271   -------start outputstream
[woss_client] -2016-11-14 22:11:47,272   -------end outputstream
[woss_client] -2016-11-14 22:12:22,578   -------skip 4100934
[woss_client] -2016-11-14 22:12:22,603   -------备份文件大小：502
[woss_client] -2016-11-14 22:12:22,603   -------gather end
[woss_client] -2016-11-14 22:12:22,603   -------list size  0
[woss_client] -2016-11-14 22:12:22,604   -------map size  502
[woss_client] -2016-11-14 22:12:22,623   -------send start
[woss_client] -2016-11-14 22:12:22,626   -------start outputstream
[woss_client] -2016-11-14 22:12:22,627   -------end outputstream
[woss_client] -2016-11-14 22:12:58,643   -------skip 4100934
[woss_client] -2016-11-14 22:12:58,668   -------备份文件大小：502
[woss_client] -2016-11-14 22:12:58,669   -------gather end
[woss_client] -2016-11-14 22:12:58,669   -------list size  0
[woss_client] -2016-11-14 22:12:58,669   -------map size  502
[woss_client] -2016-11-14 22:12:58,689   -------send start
[woss_client] -2016-11-14 22:12:58,692   -------start outputstream
[woss_client] -2016-11-14 22:12:58,694   -------end outputstream
[woss_client] -2016-11-14 22:13:03,203   -------skip 4100934
[woss_client] -2016-11-14 22:13:03,227   -------备份文件大小：502
[woss_client] -2016-11-14 22:13:03,228   -------gather end
[woss_client] -2016-11-14 22:13:03,228   -------list size  0
[woss_client] -2016-11-14 22:13:03,229   -------map size  502
[woss_client] -2016-11-14 22:13:03,249   -------send start
[woss_client] -2016-11-14 22:13:03,253   -------start outputstream
[woss_client] -2016-11-14 22:13:03,254   -------end outputstream
[woss_client] -2016-11-14 22:15:21,208   -------skip 4100934
[woss_client] -2016-11-14 22:15:21,233   -------备份文件大小：502
[woss_client] -2016-11-14 22:15:21,233   -------gather end
[woss_client] -2016-11-14 22:15:21,234   -------list size  0
[woss_client] -2016-11-14 22:15:21,234   -------map size  502
[woss_client] -2016-11-14 22:15:21,253   -------send start
[woss_client] -2016-11-14 22:15:21,255   -------start outputstream
[woss_client] -2016-11-14 22:15:21,257   -------end outputstream
[woss_client] -2016-11-14 22:15:36,856   -------skip 4100934
[woss_client] -2016-11-14 22:15:36,882   -------备份文件大小：502
[woss_client] -2016-11-14 22:15:36,883   -------gather end
[woss_client] -2016-11-14 22:15:36,883   -------list size  0
[woss_client] -2016-11-14 22:15:36,883   -------map size  502
[woss_client] -2016-11-14 22:15:36,905   -------send start
[woss_client] -2016-11-14 22:15:36,908   -------start outputstream
[woss_client] -2016-11-14 22:15:36,909   -------end outputstream
[woss_client] -2016-11-14 22:18:27,866   -------skip 4100934
[woss_client] -2016-11-14 22:18:27,891   -------备份文件大小：502
[woss_client] -2016-11-14 22:18:27,891   -------gather end
[woss_client] -2016-11-14 22:18:27,892   -------list size  0
[woss_client] -2016-11-14 22:18:27,892   -------map size  502
[woss_client] -2016-11-14 22:18:27,910   -------send start
[woss_client] -2016-11-14 22:18:27,913   -------start outputstream
[woss_client] -2016-11-14 22:18:27,915   -------end outputstream
[woss_client] -2016-11-14 22:20:43,462   -------skip 4100934
[woss_client] -2016-11-14 22:20:43,493   -------备份文件大小：502
[woss_client] -2016-11-14 22:20:43,494   -------gather end
[woss_client] -2016-11-14 22:20:43,494   -------list size  0
[woss_client] -2016-11-14 22:20:43,494   -------map size  502
[woss_client] -2016-11-14 22:20:43,517   -------send start
[woss_client] -2016-11-14 22:20:43,520   -------start outputstream
[woss_client] -2016-11-14 22:20:43,521   -------end outputstream
[woss_client] -2016-11-14 22:21:01,468   -------skip 0
[woss_client] -2016-11-14 22:21:01,796   -------gather end
[woss_client] -2016-11-14 22:21:01,796   -------list size  43897
[woss_client] -2016-11-14 22:21:01,796   -------map size  502
[woss_client] -2016-11-14 22:21:01,822   -------send start
[woss_client] -2016-11-14 22:21:01,824   -------start outputstream
[woss_client] -2016-11-14 22:21:03,369   -------end outputstream
[woss_client] -2016-11-14 22:26:59,477   -------skip 4100934
[woss_client] -2016-11-14 22:26:59,507   -------备份文件大小：502
[woss_client] -2016-11-14 22:26:59,508   -------gather end
[woss_client] -2016-11-14 22:26:59,508   -------list size  0
[woss_client] -2016-11-14 22:26:59,508   -------map size  502
[woss_client] -2016-11-14 22:26:59,530   -------send start
[woss_client] -2016-11-14 22:26:59,532   -------start outputstream
[woss_client] -2016-11-14 22:26:59,534   -------end outputstream
[woss_client] -2016-11-14 22:30:33,293   -------skip 4100934
[woss_client] -2016-11-14 22:30:33,325   -------备份文件大小：502
[woss_client] -2016-11-14 22:30:33,326   -------gather end
[woss_client] -2016-11-14 22:30:33,326   -------list size  0
[woss_client] -2016-11-14 22:30:33,326   -------map size  502
[woss_client] -2016-11-14 22:30:33,348   -------send start
[woss_client] -2016-11-14 22:30:33,351   -------start outputstream
[woss_client] -2016-11-14 22:30:33,353   -------end outputstream
[woss_client] -2016-11-14 22:31:30,057   -------skip 0
[woss_client] -2016-11-14 22:31:30,370   -------gather end
[woss_client] -2016-11-14 22:31:30,371   -------list size  43897
[woss_client] -2016-11-14 22:31:30,371   -------map size  502
[woss_client] -2016-11-14 22:31:30,397   -------send start
[woss_client] -2016-11-14 22:31:30,400   -------start outputstream
[woss_client] -2016-11-14 22:31:32,118   -------end outputstream
[woss_client] -2016-11-14 22:32:28,552   -------skip 4100934
[woss_client] -2016-11-14 22:32:28,577   -------备份文件大小：502
[woss_client] -2016-11-14 22:32:28,578   -------gather end
[woss_client] -2016-11-14 22:32:28,578   -------list size  0
[woss_client] -2016-11-14 22:32:28,578   -------map size  502
[woss_client] -2016-11-14 22:32:28,596   -------send start
[woss_client] -2016-11-14 22:32:28,599   -------start outputstream
[woss_client] -2016-11-14 22:32:28,600   -------end outputstream
[woss_client] -2016-11-14 22:32:38,622   -------skip 0
[woss_client] -2016-11-14 22:32:38,983   -------gather end
[woss_client] -2016-11-14 22:32:38,983   -------list size  43897
[woss_client] -2016-11-14 22:32:38,983   -------map size  502
[woss_client] -2016-11-14 22:32:39,017   -------send start
[woss_client] -2016-11-14 22:32:39,020   -------start outputstream
[woss_client] -2016-11-14 22:32:40,674   -------end outputstream
[woss_client] -2016-11-14 22:34:02,582   -------skip 0
[woss_client] -2016-11-14 22:34:02,912   -------gather end
[woss_client] -2016-11-14 22:34:02,912   -------list size  43897
[woss_client] -2016-11-14 22:34:02,912   -------map size  502
[woss_client] -2016-11-14 22:34:02,935   -------send start
[woss_client] -2016-11-14 22:34:02,938   -------start outputstream
[woss_client] -2016-11-14 22:34:04,501   -------end outputstream
[woss_client] -2016-11-15 11:53:50,163   -------skip 4100934
[woss_client] -2016-11-15 11:53:50,188   -------备份文件大小：502
[woss_client] -2016-11-15 11:53:50,189   -------gather end
[woss_client] -2016-11-15 11:53:50,189   -------list size  0
[woss_client] -2016-11-15 11:53:50,189   -------map size  502
[woss_client] -2016-11-15 11:53:50,208   -------send start
[woss_client] -2016-11-15 11:53:50,211   -------start outputstream
[woss_client] -2016-11-15 11:53:50,213   -------end outputstream
[woss_client] -2016-11-15 14:12:12,641   -------skip 4100934
[woss_client] -2016-11-15 14:12:12,669   -------备份文件大小：502
[woss_client] -2016-11-15 14:12:12,670   -------gather end
[woss_client] -2016-11-15 14:12:12,670   -------list size  0
[woss_client] -2016-11-15 14:12:12,670   -------map size  502
[woss_client] -2016-11-15 14:12:12,689   -------send start
[woss_client] -2016-11-15 14:12:13,897   -------start outputstream
[woss_client] -2016-11-15 14:12:13,899   -------end outputstream
[woss_client] -2016-11-15 14:12:19,306   -------skip 4100934
[woss_client] -2016-11-15 14:12:19,330   -------备份文件大小：502
[woss_client] -2016-11-15 14:12:19,330   -------gather end
[woss_client] -2016-11-15 14:12:19,331   -------list size  0
[woss_client] -2016-11-15 14:12:19,331   -------map size  502
[woss_client] -2016-11-15 14:12:19,352   -------send start
[woss_client] -2016-11-15 14:12:19,365   -------start outputstream
[woss_client] -2016-11-15 14:12:19,367   -------end outputstream
[woss_client] -2016-11-15 14:12:20,789   -------skip 4100934
[woss_client] -2016-11-15 14:12:20,815   -------备份文件大小：502
[woss_client] -2016-11-15 14:12:20,815   -------gather end
[woss_client] -2016-11-15 14:12:20,816   -------list size  0
[woss_client] -2016-11-15 14:12:20,816   -------map size  502
[woss_client] -2016-11-15 14:12:20,834   -------send start
[woss_client] -2016-11-15 14:12:20,845   -------start outputstream
[woss_client] -2016-11-15 14:12:20,846   -------end outputstream
[woss_client] -2016-11-15 14:12:21,950   -------skip 4100934
[woss_client] -2016-11-15 14:12:21,981   -------备份文件大小：502
[woss_client] -2016-11-15 14:12:21,981   -------gather end
[woss_client] -2016-11-15 14:12:21,981   -------list size  0
[woss_client] -2016-11-15 14:12:21,982   -------map size  502
[woss_client] -2016-11-15 14:12:22,000   -------send start
[woss_client] -2016-11-15 14:12:22,005   -------start outputstream
[woss_client] -2016-11-15 14:12:22,006   -------end outputstream
[woss_client] -2016-11-15 14:12:22,961   -------skip 4100934
[woss_client] -2016-11-15 14:12:22,985   -------备份文件大小：502
[woss_client] -2016-11-15 14:12:22,986   -------gather end
[woss_client] -2016-11-15 14:12:22,986   -------list size  0
[woss_client] -2016-11-15 14:12:22,986   -------map size  502
[woss_client] -2016-11-15 14:12:23,005   -------send start
[woss_client] -2016-11-15 14:12:23,012   -------start outputstream
[woss_client] -2016-11-15 14:12:23,014   -------end outputstream
[woss_client] -2016-11-15 14:12:24,300   -------skip 4100934
[woss_client] -2016-11-15 14:12:24,325   -------备份文件大小：502
[woss_client] -2016-11-15 14:12:24,325   -------gather end
[woss_client] -2016-11-15 14:12:24,325   -------list size  0
[woss_client] -2016-11-15 14:12:24,325   -------map size  502
[woss_client] -2016-11-15 14:12:24,344   -------send start
[woss_client] -2016-11-15 14:12:24,352   -------start outputstream
[woss_client] -2016-11-15 14:12:24,353   -------end outputstream
[woss_client] -2016-11-15 14:12:33,744   -------skip 0
[woss_client] -2016-11-15 14:12:34,047   -------gather end
[woss_client] -2016-11-15 14:12:34,048   -------list size  43897
[woss_client] -2016-11-15 14:12:34,048   -------map size  502
[woss_client] -2016-11-15 14:12:34,070   -------send start
[woss_client] -2016-11-15 14:12:34,097   -------start outputstream
[woss_client] -2016-11-15 14:12:36,376   -------end outputstream
[woss_client] -2016-11-15 14:21:08,606   -------skip 0
[woss_client] -2016-11-15 14:21:08,897   -------gather end
[woss_client] -2016-11-15 14:21:08,897   -------list size  43897
[woss_client] -2016-11-15 14:21:08,897   -------map size  502
[woss_client] -2016-11-15 14:21:08,920   -------send start
[woss_client] -2016-11-15 14:21:09,018   -------start outputstream
[woss_client] -2016-11-15 14:21:10,773   -------end outputstream
[woss_client] -2016-11-15 14:21:11,625   -------skip 4100934
[woss_client] -2016-11-15 14:21:11,651   -------备份文件大小：502
[woss_client] -2016-11-15 14:21:11,652   -------gather end
[woss_client] -2016-11-15 14:21:11,652   -------list size  0
[woss_client] -2016-11-15 14:21:11,652   -------map size  502
[woss_client] -2016-11-15 14:21:11,672   -------send start
[woss_client] -2016-11-15 14:21:11,678   -------start outputstream
[woss_client] -2016-11-15 14:21:11,680   -------end outputstream
[woss_client] -2016-11-15 14:21:12,674   -------skip 4100934
[woss_client] -2016-11-15 14:21:12,700   -------备份文件大小：502
[woss_client] -2016-11-15 14:21:12,701   -------gather end
[woss_client] -2016-11-15 14:21:12,701   -------list size  0
[woss_client] -2016-11-15 14:21:12,701   -------map size  502
[woss_client] -2016-11-15 14:21:12,721   -------send start
[woss_client] -2016-11-15 14:21:12,742   -------start outputstream
[woss_client] -2016-11-15 14:21:12,743   -------end outputstream
[woss_client] -2016-11-15 14:21:13,952   -------skip 4100934
[woss_client] -2016-11-15 14:21:13,977   -------备份文件大小：502
[woss_client] -2016-11-15 14:21:13,977   -------gather end
[woss_client] -2016-11-15 14:21:13,978   -------list size  0
[woss_client] -2016-11-15 14:21:13,978   -------map size  502
[woss_client] -2016-11-15 14:21:13,994   -------send start
[woss_client] -2016-11-15 14:21:13,999   -------start outputstream
[woss_client] -2016-11-15 14:21:14,001   -------end outputstream
[woss_client] -2016-11-15 14:21:14,985   -------skip 4100934
[woss_client] -2016-11-15 14:21:15,019   -------备份文件大小：502
[woss_client] -2016-11-15 14:21:15,020   -------gather end
[woss_client] -2016-11-15 14:21:15,020   -------list size  0
[woss_client] -2016-11-15 14:21:15,021   -------map size  502
[woss_client] -2016-11-15 14:21:15,042   -------send start
[woss_client] -2016-11-15 14:21:15,069   -------start outputstream
[woss_client] -2016-11-15 14:21:15,071   -------end outputstream
[woss_client] -2016-11-15 14:21:15,996   -------skip 4100934
[woss_client] -2016-11-15 14:21:16,023   -------备份文件大小：502
[woss_client] -2016-11-15 14:21:16,023   -------gather end
[woss_client] -2016-11-15 14:21:16,024   -------list size  0
[woss_client] -2016-11-15 14:21:16,024   -------map size  502
[woss_client] -2016-11-15 14:21:16,042   -------send start
[woss_client] -2016-11-15 14:21:16,050   -------start outputstream
[woss_client] -2016-11-15 14:21:16,052   -------end outputstream
[woss_client] -2016-11-15 14:21:16,997   -------skip 4100934
[woss_client] -2016-11-15 14:21:17,023   -------备份文件大小：502
[woss_client] -2016-11-15 14:21:17,024   -------gather end
[woss_client] -2016-11-15 14:21:17,024   -------list size  0
[woss_client] -2016-11-15 14:21:17,024   -------map size  502
[woss_client] -2016-11-15 14:21:17,045   -------send start
[woss_client] -2016-11-15 14:21:17,055   -------start outputstream
[woss_client] -2016-11-15 14:21:17,057   -------end outputstream
[woss_client] -2016-11-15 14:21:18,000   -------skip 4100934
[woss_client] -2016-11-15 14:21:18,026   -------备份文件大小：502
[woss_client] -2016-11-15 14:21:18,027   -------gather end
[woss_client] -2016-11-15 14:21:18,027   -------list size  0
[woss_client] -2016-11-15 14:21:18,027   -------map size  502
[woss_client] -2016-11-15 14:21:18,049   -------send start
[woss_client] -2016-11-15 14:21:18,059   -------start outputstream
[woss_client] -2016-11-15 14:21:18,061   -------end outputstream
[woss_client] -2016-11-15 14:21:20,882   -------skip 4100934
[woss_client] -2016-11-15 14:21:20,906   -------备份文件大小：502
[woss_client] -2016-11-15 14:21:20,907   -------gather end
[woss_client] -2016-11-15 14:21:20,907   -------list size  0
[woss_client] -2016-11-15 14:21:20,907   -------map size  502
[woss_client] -2016-11-15 14:21:20,927   -------send start
[woss_client] -2016-11-15 14:21:20,946   -------start outputstream
[woss_client] -2016-11-15 14:21:20,947   -------end outputstream
[woss_client] -2016-11-15 14:21:21,840   -------skip 4100934
[woss_client] -2016-11-15 14:21:21,867   -------备份文件大小：502
[woss_client] -2016-11-15 14:21:21,867   -------gather end
[woss_client] -2016-11-15 14:21:21,867   -------list size  0
[woss_client] -2016-11-15 14:21:21,867   -------map size  502
[woss_client] -2016-11-15 14:21:21,886   -------send start
[woss_client] -2016-11-15 14:21:21,909   -------start outputstream
[woss_client] -2016-11-15 14:21:21,911   -------end outputstream
[woss_client] -2016-11-15 14:21:23,320   -------skip 4100934
[woss_client] -2016-11-15 14:21:23,349   -------备份文件大小：502
[woss_client] -2016-11-15 14:21:23,350   -------gather end
[woss_client] -2016-11-15 14:21:23,350   -------list size  0
[woss_client] -2016-11-15 14:21:23,350   -------map size  502
[woss_client] -2016-11-15 14:21:23,368   -------send start
[woss_client] -2016-11-15 14:21:23,406   -------start outputstream
[woss_client] -2016-11-15 14:21:23,407   -------end outputstream
[woss_client] -2016-11-15 14:21:25,194   -------skip 4100934
[woss_client] -2016-11-15 14:21:25,227   -------备份文件大小：502
[woss_client] -2016-11-15 14:21:25,227   -------gather end
[woss_client] -2016-11-15 14:21:25,228   -------list size  0
[woss_client] -2016-11-15 14:21:25,228   -------map size  502
[woss_client] -2016-11-15 14:21:25,248   -------send start
[woss_client] -2016-11-15 14:21:47,766   -------skip 0
[woss_client] -2016-11-15 14:21:48,075   -------gather end
[woss_client] -2016-11-15 14:21:48,075   -------list size  43897
[woss_client] -2016-11-15 14:21:48,075   -------map size  502
[woss_client] -2016-11-15 14:21:48,099   -------send start
[woss_client] -2016-11-15 14:21:48,140   -------start outputstream
[woss_client] -2016-11-15 14:21:50,086   -------end outputstream
[woss_client] -2016-11-15 14:21:51,692   -------skip 4100934
[woss_client] -2016-11-15 14:21:51,718   -------备份文件大小：502
[woss_client] -2016-11-15 14:21:51,719   -------gather end
[woss_client] -2016-11-15 14:21:51,719   -------list size  0
[woss_client] -2016-11-15 14:21:51,719   -------map size  502
[woss_client] -2016-11-15 14:21:51,740   -------send start
[woss_client] -2016-11-15 14:21:51,788   -------start outputstream
[woss_client] -2016-11-15 14:21:51,789   -------end outputstream
[woss_client] -2016-11-15 14:21:52,697   -------skip 4100934
[woss_client] -2016-11-15 14:21:52,725   -------备份文件大小：502
[woss_client] -2016-11-15 14:21:52,726   -------gather end
[woss_client] -2016-11-15 14:21:52,726   -------list size  0
[woss_client] -2016-11-15 14:21:52,726   -------map size  502
[woss_client] -2016-11-15 14:21:52,748   -------send start
[woss_client] -2016-11-15 14:21:52,765   -------start outputstream
[woss_client] -2016-11-15 14:21:52,766   -------end outputstream
[woss_client] -2016-11-15 14:21:54,192   -------skip 4100934
[woss_client] -2016-11-15 14:21:54,218   -------备份文件大小：502
[woss_client] -2016-11-15 14:21:54,218   -------gather end
[woss_client] -2016-11-15 14:21:54,218   -------list size  0
[woss_client] -2016-11-15 14:21:54,218   -------map size  502
[woss_client] -2016-11-15 14:21:54,238   -------send start
[woss_client] -2016-11-15 14:21:54,256   -------start outputstream
[woss_client] -2016-11-15 14:21:54,257   -------end outputstream
[woss_client] -2016-11-15 14:21:55,865   -------skip 4100934
[woss_client] -2016-11-15 14:21:55,892   -------备份文件大小：502
[woss_client] -2016-11-15 14:21:55,892   -------gather end
[woss_client] -2016-11-15 14:21:55,892   -------list size  0
[woss_client] -2016-11-15 14:21:55,892   -------map size  502
[woss_client] -2016-11-15 14:21:55,910   -------send start
[woss_client] -2016-11-15 14:21:55,914   -------start outputstream
[woss_client] -2016-11-15 14:21:55,916   -------end outputstream
[woss_client] -2016-11-15 14:21:57,636   -------skip 4100934
[woss_client] -2016-11-15 14:21:57,662   -------备份文件大小：502
[woss_client] -2016-11-15 14:21:57,662   -------gather end
[woss_client] -2016-11-15 14:21:57,662   -------list size  0
[woss_client] -2016-11-15 14:21:57,662   -------map size  502
[woss_client] -2016-11-15 14:21:57,685   -------send start
[woss_client] -2016-11-15 14:21:57,860   -------start outputstream
[woss_client] -2016-11-15 14:21:57,862   -------end outputstream
[woss_client] -2016-11-15 14:23:29,145   -------skip 4100934
[woss_client] -2016-11-15 14:23:29,169   -------备份文件大小：502
[woss_client] -2016-11-15 14:23:29,170   -------gather end
[woss_client] -2016-11-15 14:23:29,170   -------list size  0
[woss_client] -2016-11-15 14:23:29,170   -------map size  502
[woss_client] -2016-11-15 14:23:29,187   -------send start
[woss_client] -2016-11-15 14:23:29,314   -------start outputstream
[woss_client] -2016-11-15 14:23:29,315   -------end outputstream
[woss_client] -2016-11-15 14:27:12,238   -------skip 4100934
[woss_client] -2016-11-15 14:27:12,263   -------备份文件大小：502
[woss_client] -2016-11-15 14:27:12,264   -------gather end
[woss_client] -2016-11-15 14:27:12,264   -------list size  0
[woss_client] -2016-11-15 14:27:12,264   -------map size  502
[woss_client] -2016-11-15 14:27:12,282   -------send start
[woss_client] -2016-11-15 14:27:12,286   -------start outputstream
[woss_client] -2016-11-15 14:27:12,288   -------end outputstream
[woss_client] -2016-11-15 14:27:25,060   -------skip 4100934
[woss_client] -2016-11-15 14:27:25,090   -------备份文件大小：502
[woss_client] -2016-11-15 14:27:25,091   -------gather end
[woss_client] -2016-11-15 14:27:25,091   -------list size  0
[woss_client] -2016-11-15 14:27:25,091   -------map size  502
[woss_client] -2016-11-15 14:27:25,117   -------send start
[woss_client] -2016-11-15 14:27:25,121   -------start outputstream
[woss_client] -2016-11-15 14:27:25,123   -------end outputstream
[woss_client] -2016-11-15 14:27:54,230   -------skip 0
[woss_client] -2016-11-15 14:27:54,233   -------gather end
[woss_client] -2016-11-15 14:27:54,233   -------list size  0
[woss_client] -2016-11-15 14:27:54,233   -------map size  1
[woss_client] -2016-11-15 14:27:54,241   -------send start
[woss_client] -2016-11-15 14:27:54,244   -------start outputstream
[woss_client] -2016-11-15 14:27:54,245   -------end outputstream
[woss_client] -2016-11-15 14:28:31,742   -------skip 0
[woss_client] -2016-11-15 14:28:31,744   -------gather end
[woss_client] -2016-11-15 14:28:31,744   -------list size  1
[woss_client] -2016-11-15 14:28:31,744   -------map size  0
[woss_client] -2016-11-15 14:28:31,752   -------send start
[woss_client] -2016-11-15 14:28:31,754   -------start outputstream
[woss_client] -2016-11-15 14:28:31,759   -------end outputstream
[woss_client] -2016-11-15 14:28:58,629   -------skip 95
[woss_client] -2016-11-15 14:28:58,630   -------备份文件大小：0
[woss_client] -2016-11-15 14:28:58,631   -------gather end
[woss_client] -2016-11-15 14:28:58,631   -------list size  0
[woss_client] -2016-11-15 14:28:58,631   -------map size  0
[woss_client] -2016-11-15 14:28:58,632   -------send start
[woss_client] -2016-11-15 14:28:58,635   -------start outputstream
[woss_client] -2016-11-15 14:28:58,636   -------end outputstream
[woss_client] -2016-11-15 14:29:12,993   -------skip 0
[woss_client] -2016-11-15 14:29:13,001   -------send start
[woss_client] -2016-11-15 14:29:13,004   -------start outputstream
[woss_client] -2016-11-15 14:29:13,005   -------end outputstream
[woss_client] -2016-11-15 14:30:06,587   -------skip 0
[woss_client] -2016-11-15 14:30:06,591   -------send start
[woss_client] -2016-11-15 14:30:06,593   -------start outputstream
[woss_client] -2016-11-15 14:30:06,594   -------end outputstream
[woss_client] -2016-11-15 14:49:28,155   -------skip 0
[woss_client] -2016-11-15 14:49:28,158   -------send start
[woss_client] -2016-11-15 14:49:29,213   -------start outputstream
[woss_client] -2016-11-15 14:49:29,215   -------end outputstream
[woss_client] -2016-11-15 14:49:36,516   -------skip 0
[woss_client] -2016-11-15 14:49:36,520   -------send start
[woss_client] -2016-11-15 14:49:36,571   -------start outputstream
[woss_client] -2016-11-15 14:49:36,572   -------end outputstream
[woss_client] -2016-11-15 14:49:41,524   -------skip 0
[woss_client] -2016-11-15 14:49:41,528   -------send start
[woss_client] -2016-11-15 14:49:41,564   -------start outputstream
[woss_client] -2016-11-15 14:49:41,565   -------end outputstream
[woss_client] -2016-11-15 14:51:50,839   -------skip 0
[woss_client] -2016-11-15 14:51:50,842   -------send start
[woss_client] -2016-11-15 14:51:50,935   -------start outputstream
[woss_client] -2016-11-15 14:51:50,936   -------end outputstream
[woss_client] -2016-11-15 14:53:20,260   -------skip 0
[woss_client] -2016-11-15 14:53:20,263   -------send start
[woss_client] -2016-11-15 14:53:20,445   -------start outputstream
[woss_client] -2016-11-15 14:53:20,446   -------end outputstream
[woss_client] -2016-11-15 16:29:40,880   -------skip 0
[woss_client] -2016-11-15 16:29:41,181   -------gather end
[woss_client] -2016-11-15 16:29:41,181   -------list size  43897
[woss_client] -2016-11-15 16:29:41,182   -------map size  502
[woss_client] -2016-11-15 16:29:41,207   -------send start
[woss_client] -2016-11-15 16:29:41,210   -------start outputstream
[woss_client] -2016-11-15 16:29:42,737   -------end outputstream
